61O409
61B117
61O216
61B425
61C404
61B423
61B442
333148
61B411
61B445
61B109
61F279
61B409
61C406
61B102
61B104
61F278
61O407
61O201
61B431
61B101
61A403
61B439
61A409
61B456
61B402
61O412
61A402
61A406
61B118
61O206
61O415
61O439
61B436
61O219
61O426
61O445
61B407
61O419
61B406
61B434
61C416
61O403
61A901
61B458
61F282
61B444
61C418
61B421
61B404
61C402
61O422
61B424
61C411
61B405
61B124
61B429
61F254
61O435
61B438
61B112
61B125
61B428
61B432
332764
61O442
61B408
61B435
61O416
61B105
331143
61A414
61F429
61B103
61O446
61B119
61F401
61O909
61B115
61B413
61B128
61B418
333195
61B126
61O432
61C409
61B457
61B111
61B116
61B403
61B416
61B459
61B420
61O444
61B414
61B415
332762
61B427
61F424
61B122
332865
61B108
61B121
61B106
61B426
61F414
61A411
61B127
61O208
61C417
333592
330400
61A407
61B123
61O221
61B110
330438
61B419
61B460
61B113
61B443
332722
61B433
61A404
330256
330261
330258
332651
332650
331206
330554
330695
332771
330535
330677
331207
332680
333193
330676
330926
331205
330686
332595
332444
330696
332561
331086
330422
330403
332766
330689
330572
331095
331171
331147
330573
333594
330501
330820
330252
330253
332678
333421
332768
330254
330262
333398
330260
332677
331224
330868
333321
332495
333399
330383
332471
333420
330925
333271
332676
330255
331072
330259
332489
331040
332760
332421
330257
332473
331225
330610
330521
332423
332761
332597
333530
333270
331019
332649
333419
